<?xml version="1.0" encoding="UTF-8"?>
<!-- Generated by org.testng.reporters.JUnitReportReporter -->
<testsuite hostname="LAPTOP-84FNTHD7" failures="0" tests="4" name="runner.CucumberRunner" time="96.577" errors="0" timestamp="2022-11-30T23:09:43 IST" skipped="0">
  <testcase classname="runner.CucumberRunner" name="runScenario" time="22.142"/>
  <system-out/>
  <testcase classname="runner.CucumberRunner" name="runScenario" time="40.859"/>
  <system-out/>
  <testcase classname="runner.CucumberRunner" name="runScenario" time="24.830"/>
  <system-out/>
  <testcase classname="runner.CucumberRunner" name="runScenario" time="8.746"/>
  <system-out/>
</testsuite> <!-- runner.CucumberRunner -->
